This is XeTeX, Version 3.14159265-2.6-0.999992 (TeX Live 2020) (preloaded format=xelatex 2021.6.5)  28 APR 2025 16:35
entering extended mode
 restricted \write18 enabled.
 file:line:error style messages enabled.
 %&-line parsing enabled.
**Scriptures_8_Dhammapada.md
(./Scriptures_8_Dhammapada.md
LaTeX2e <2020-02-02> patch level 5
L3 programming layer <2020-03-06>

./Scriptures_8_Dhammapada.md:1: LaTeX Error: Missing \begin{document}.

See the LaTeX manual or LaTeX Companion for explanation.
Type  H <return>  for immediate help.
 ...                                              
                                                  
l.1 -
     --
? 
./Scriptures_8_Dhammapada.md:1: Emergency stop.
 ...                                              
                                                  
l.1 -
     --
You're in trouble here.  Try typing  <return>  to proceed.
If that doesn't work, type  X <return>  to quit.

 
Here is how much of TeX's memory you used:
 17 strings out of 479418
 495 string characters out of 5884586
 245340 words of memory out of 250000000
 17635 multiletter control sequences out of 15000+600000
 532338 words of font info for 24 fonts, out of 8000000 for 9000
 1348 hyphenation exceptions out of 8191
 12i,0n,15p,61b,14s stack positions out of 5000i,500n,10000p,200000b,80000s
No pages of output.
